<?xml version="1.0" encoding="UTF-8"?>
<testsuite name="JUnit Vintage" tests="0" skipped="0" failures="0" errors="0" time="0" hostname="Lappie" timestamp="2018-03-27T07:47:05">
<properties>
<property name="awt.toolkit" value="sun.awt.windows.WToolkit"/>
<property name="file.encoding" value="windows-1252"/>
<property name="file.encoding.pkg" value="sun.io"/>
<property name="file.separator" value="\"/>
<property name="java.awt.graphicsenv" value="sun.awt.Win32GraphicsEnvironment"/>
<property name="java.awt.printerjob" value="sun.awt.windows.WPrinterJob"/>
<property name="java.class.path" value="C:\Users\Klasing\MyProgramming\MyJava\java2018\building-java\building-gradle\public\Building_Gradle_March-26-2018_01\build\classes\test;C:\Users\Klasing\MyProgramming\MyJava\java2018\building-java\building-gradle\public\Building_Gradle_March-26-2018_01\build\resources\test;C:\Users\Klasing\MyProgramming\MyJava\java2018\building-java\building-gradle\public\Building_Gradle_March-26-2018_01\build\classes\main;C:\Users\Klasing\MyProgramming\MyJava\java2018\building-java\building-gradle\public\Building_Gradle_March-26-2018_01\build\resources\main;C:\Users\Klasing\.gradle\caches\modules-2\files-2.1\joda-time\joda-time\2.2\a5f29a7acaddea3f4af307e8cf2d0cc82645fd7d\joda-time-2.2.jar;C:\Users\Klasing\.gradle\caches\modules-2\files-2.1\org.junit.jupiter\junit-jupiter-api\5.0.1\30fbf4448c594cb45d8e91630d6bb7f465906b88\junit-jupiter-api-5.0.1.jar;C:\Users\Klasing\.gradle\caches\modules-2\files-2.1\org.junit.jupiter\junit-jupiter-engine\5.0.1\e22d2bf87f43fb03fee14dea447b2a14f41b095f\junit-jupiter-engine-5.0.1.jar;C:\Users\Klasing\.gradle\caches\modules-2\files-2.1\org.junit.vintage\junit-vintage-engine\4.12.1\9ebffc203c5acb51450e34b38b91067f0b4e7e6c\junit-vintage-engine-4.12.1.jar;C:\Users\Klasing\.gradle\caches\modules-2\files-2.1\org.junit.platform\junit-platform-launcher\1.0.1\5562631a34e4eefefdad04cdd49a50774d6ac777\junit-platform-launcher-1.0.1.jar;C:\Users\Klasing\.gradle\caches\modules-2\files-2.1\org.junit.platform\junit-platform-runner\1.0.1\edb8717e46700debfea297fbd0e4526441e0eb52\junit-platform-runner-1.0.1.jar;C:\Users\Klasing\.gradle\caches\modules-2\files-2.1\org.opentest4j\opentest4j\1.0.0\6f09c598e9ff64bf0ce2fa7e7de49a99ba83c0b4\opentest4j-1.0.0.jar;C:\Users\Klasing\.gradle\caches\modules-2\files-2.1\org.junit.platform\junit-platform-commons\1.0.1\3632e4a74a43d3ae8d29e6fa172cbc29590bda03\junit-platform-commons-1.0.1.jar;C:\Users\Klasing\.gradle\caches\modules-2\files-2.1\org.junit.platform\junit-platform-engine\1.0.1\4ce0a37866312c18ea3f45818f2faec077e46e0\junit-platform-engine-1.0.1.jar;C:\Users\Klasing\.gradle\caches\modules-2\files-2.1\junit\junit\4.12\2973d150c0dc1fefe998f834810d68f278ea58ec\junit-4.12.jar;C:\Users\Klasing\.gradle\caches\modules-2\files-2.1\org.junit.platform\junit-platform-suite-api\1.0.1\dba5b945d6e3bc26fdbb100db1b94dcf435c1c6f\junit-platform-suite-api-1.0.1.jar;C:\Users\Klasing\.gradle\caches\modules-2\files-2.1\org.hamcrest\hamcrest-core\1.3\42a25dc3219429f0e5d060061f71acb49bf010a0\hamcrest-core-1.3.jar;C:\Users\Klasing\.gradle\caches\modules-2\files-2.1\org.junit.platform\junit-platform-console\1.0.1\3892e08f30d92a88addc73f3a5f9575be864cec\junit-platform-console-1.0.1.jar"/>
<property name="java.class.version" value="52.0"/>
<property name="java.endorsed.dirs" value="C:\Program Files (x86)\Java\jdk1.8.0_151\jre\lib\endorsed"/>
<property name="java.ext.dirs" value="C:\Program Files (x86)\Java\jdk1.8.0_151\jre\lib\ext;C:\WINDOWS\Sun\Java\lib\ext"/>
<property name="java.home" value="C:\Program Files (x86)\Java\jdk1.8.0_151\jre"/>
<property name="java.io.tmpdir" value="C:\Users\Klasing\AppData\Local\Temp\"/>
<property name="java.library.path" value="C:\Program Files (x86)\Java\jdk1.8.0_151\bin;C:\WINDOWS\Sun\Java\bin;C:\WINDOWS\system32;C:\WINDOWS;C:\ProgramData\Oracle\Java\javapath;C:\Program Files (x86)\HP SimplePass 2011\;C:\Program Files\Common Files\Microsoft Shared\Windows Live;C:\Program Files (x86)\Common Files\Microsoft Shared\Windows Live;C:\WINDOWS\system32;C:\WINDOWS;C:\WINDOWS\System32\Wbem;C:\WINDOWS\System32\WindowsPowerShell\v1.0\;C:\Program Files (x86)\Windows Live\Shared;C:\Program Files (x86)\Intel\Services\IPT\;C:\Program Files (x86)\jZip;C:\Program Files\Microsoft SQL Server\110\Tools\Binn\;C:\Qt\5.6\msvc2013_64\bin;C:\Qt\5.7\msvc2013_64\bin;C:\Program Files (x86)\Skype\Phone\;c:\Program Files (x86)\Microsoft SQL Server\110\Tools\Binn\ManagementStudio\;c:\Program Files (x86)\Microsoft SQL Server\110\Tools\Binn\;c:\Program Files (x86)\Microsoft SQL Server\110\DTS\Binn\;C:\Program Files (x86)\Microsoft SDKs\TypeScript\1.0\;C:\Program Files\Microsoft SQL Server\120\Tools\Binn\;C:\Program Files\Microsoft SQL Server\130\Tools\Binn\;C:\Program Files (x86)\Java\jdk1.8.0_151\bin;C:\sqlite;C:\Users\Klasing\AppData\Local\Android\sdk\platform-tools;C:\Program Files\dotnet\;C:\Program Files\Git\cmd;C:\Program Files\nodejs\;%GRADLE%\bin;C:\Maven\apache-maven-3.5.3\bin;C:\Oracle\Middleware\jdk160_24\bin;C:\Oracle\Middleware\jdeveloper\ant\bin;C:\Users\Klasing\AppData\Local\Microsoft\WindowsApps;C:\Gradle\gradle-3.3\bin;C:\Program Files (x86)\Java\jdk1.8.0_151\bin;C:\sqlite;C:\Users\Klasing\AppData\Local\Android\sdk\platform-tools;C:\Users\Klasing\AppData\Roaming\npm;C:\Oracle\Middleware\jdeveloper\apache-ant-1.10.2\bin;C:\Maven\apache-maven-3.5.3\bin;;."/>
<property name="java.runtime.name" value="Java(TM) SE Runtime Environment"/>
<property name="java.runtime.version" value="1.8.0_151-b12"/>
<property name="java.specification.name" value="Java Platform API Specification"/>
<property name="java.specification.vendor" value="Oracle Corporation"/>
<property name="java.specification.version" value="1.8"/>
<property name="java.vendor" value="Oracle Corporation"/>
<property name="java.vendor.url" value="http://java.oracle.com/"/>
<property name="java.vendor.url.bug" value="http://bugreport.sun.com/bugreport/"/>
<property name="java.version" value="1.8.0_151"/>
<property name="java.vm.info" value="mixed mode"/>
<property name="java.vm.name" value="Java HotSpot(TM) Client VM"/>
<property name="java.vm.specification.name" value="Java Virtual Machine Specification"/>
<property name="java.vm.specification.vendor" value="Oracle Corporation"/>
<property name="java.vm.specification.version" value="1.8"/>
<property name="java.vm.vendor" value="Oracle Corporation"/>
<property name="java.vm.version" value="25.151-b12"/>
<property name="line.separator" value="
"/>
<property name="os.arch" value="x86"/>
<property name="os.name" value="Windows 10"/>
<property name="os.version" value="10.0"/>
<property name="path.separator" value=";"/>
<property name="sun.arch.data.model" value="32"/>
<property name="sun.boot.class.path" value="C:\Program Files (x86)\Java\jdk1.8.0_151\jre\lib\resources.jar;C:\Program Files (x86)\Java\jdk1.8.0_151\jre\lib\rt.jar;C:\Program Files (x86)\Java\jdk1.8.0_151\jre\lib\sunrsasign.jar;C:\Program Files (x86)\Java\jdk1.8.0_151\jre\lib\jsse.jar;C:\Program Files (x86)\Java\jdk1.8.0_151\jre\lib\jce.jar;C:\Program Files (x86)\Java\jdk1.8.0_151\jre\lib\charsets.jar;C:\Program Files (x86)\Java\jdk1.8.0_151\jre\lib\jfr.jar;C:\Program Files (x86)\Java\jdk1.8.0_151\jre\classes"/>
<property name="sun.boot.library.path" value="C:\Program Files (x86)\Java\jdk1.8.0_151\jre\bin"/>
<property name="sun.cpu.endian" value="little"/>
<property name="sun.cpu.isalist" value="pentium_pro+mmx pentium_pro pentium+mmx pentium i486 i386 i86"/>
<property name="sun.desktop" value="windows"/>
<property name="sun.io.unicode.encoding" value="UnicodeLittle"/>
<property name="sun.java.command" value="org.junit.platform.console.ConsoleLauncher --details NONE --scan-class-path C:\Users\Klasing\MyProgramming\MyJava\java2018\building-java\building-gradle\public\Building_Gradle_March-26-2018_01\build\classes\main;C:\Users\Klasing\MyProgramming\MyJava\java2018\building-java\building-gradle\public\Building_Gradle_March-26-2018_01\build\resources\main;C:\Users\Klasing\MyProgramming\MyJava\java2018\building-java\building-gradle\public\Building_Gradle_March-26-2018_01\build\classes\test;C:\Users\Klasing\MyProgramming\MyJava\java2018\building-java\building-gradle\public\Building_Gradle_March-26-2018_01\build\resources\test -n ^.*Tests?$ --reports-dir C:\Users\Klasing\MyProgramming\MyJava\java2018\building-java\building-gradle\public\Building_Gradle_March-26-2018_01\build\test-results\junit-platform"/>
<property name="sun.java.launcher" value="SUN_STANDARD"/>
<property name="sun.jnu.encoding" value="Cp1252"/>
<property name="sun.management.compiler" value="HotSpot Client Compiler"/>
<property name="sun.os.patch.level" value=""/>
<property name="user.country" value="NL"/>
<property name="user.dir" value="C:\Users\Klasing\MyProgramming\MyJava\java2018\building-java\building-gradle\public\Building_Gradle_March-26-2018_01"/>
<property name="user.home" value="C:\Users\Klasing"/>
<property name="user.language" value="nl"/>
<property name="user.name" value="Klasing"/>
<property name="user.script" value=""/>
<property name="user.timezone" value="Europe/Berlin"/>
<property name="user.variant" value=""/>
</properties>
<system-out><![CDATA[
unique-id: [engine:junit-vintage]
display-name: JUnit Vintage
]]></system-out>
</testsuite>
